==6802== Memcheck, a memory error detector
==6802== Copyright (C) 2002-2017, and GNU GPL'd, by Julian Seward et al.
==6802== Using Valgrind-3.15.0 and LibVEX; rerun with -h for copyright info
==6802== Command: ./hsh
==6802== Parent PID: 2053
==6802== 
==6802== 
==6802== Process terminating with default action of signal 2 (SIGINT)
==6802==    at 0x4935C3A: wait4 (wait4.c:27)
==6802==    by 0x1097AE: main (in /home/vagrant/simple_shell/hsh)
==6808== 
==6808== Process terminating with default action of signal 2 (SIGINT)
==6808==    at 0x4960FD2: read (read.c:26)
==6808==    by 0x48E3B9E: _IO_file_underflow@@GLIBC_2.2.5 (fileops.c:517)
==6808==    by 0x48D6717: getdelim (iogetdelim.c:73)
==6808==    by 0x109593: main (in /home/vagrant/simple_shell/hsh)
==6802== 
==6802== HEAP SUMMARY:
==6802==     in use at exit: 0 bytes in 0 blocks
==6802==   total heap usage: 0 allocs, 0 frees, 0 bytes allocated
==6802== 
==6802== All heap blocks were freed -- no leaks are possible
==6802== 
==6802== For lists of detected and suppressed errors, rerun with: -s
==6802== ERROR SUMMARY: 0 errors from 0 contexts (suppressed: 0 from 0)
==6808== 
==6808== HEAP SUMMARY:
==6808==     in use at exit: 1,024 bytes in 1 blocks
==6808==   total heap usage: 3 allocs, 2 frees, 3,072 bytes allocated
==6808== 
==6808== LEAK SUMMARY:
==6808==    definitely lost: 0 bytes in 0 blocks
==6808==    indirectly lost: 0 bytes in 0 blocks
==6808==      possibly lost: 0 bytes in 0 blocks
==6808==    still reachable: 1,024 bytes in 1 blocks
==6808==         suppressed: 0 bytes in 0 blocks
==6808== Reachable blocks (those to which a pointer was found) are not shown.
==6808== To see them, rerun with: --leak-check=full --show-leak-kinds=all
==6808== 
==6808== For lists of detected and suppressed errors, rerun with: -s
==6808== ERROR SUMMARY: 0 errors from 0 contexts (suppressed: 0 from 0)
